<?xml version="1.0" encoding="UTF-8"?>
<testsuites name="Mocha Tests" time="102.804" tests="11" failures="0">
  <testsuite name="Root Suite" timestamp="2023-04-06T11:15:34" tests="0" file="specs/homePageSpec.js" time="0.000" failures="0">
  </testsuite>
  <testsuite name="XFlix" timestamp="2023-04-06T11:15:34" tests="11" time="102.613" failures="0">
    <testcase name="XFlix should display 5 genre buttons on a row" time="15.982" classname="should display 5 genre buttons on a row">
    </testcase>
    <testcase name="XFlix should display 5 content rating buttons on a row" time="1.361" classname="should display 5 content rating buttons on a row">
    </testcase>
    <testcase name="XFlix should not have same parent for genre and content rating buttons" time="1.352" classname="should not have same parent for genre and content rating buttons">
    </testcase>
    <testcase name="XFlix should not have &quot;View Count&quot; option selected in sort by dropdown on page load" time="1.967" classname="should not have &quot;View Count&quot; option selected in sort by dropdown on page load">
    </testcase>
    <testcase name="XFlix should have &quot;Release Date&quot; option selected in sort by dropdown on page load" time="1.118" classname="should have &quot;Release Date&quot; option selected in sort by dropdown on page load">
    </testcase>
    <testcase name="XFlix should have &quot;View Count&quot; option selectable after clicking on the sort by dropdown" time="1.286" classname="should have &quot;View Count&quot; option selectable after clicking on the sort by dropdown">
    </testcase>
    <testcase name="XFlix should have &quot;Upload&quot; button on landing page on load" time="1.017" classname="should have &quot;Upload&quot; button on landing page on load">
    </testcase>
    <testcase name="XFlix should open video modal with &quot;Submit&quot; and &quot;Cancel&quot; buttons, on clicking &quot;Upload&quot; button" time="3.460" classname="should open video modal with &quot;Submit&quot; and &quot;Cancel&quot; buttons, on clicking &quot;Upload&quot; button">
    </testcase>
    <testcase name="XFlix should open video modal on clicking &quot;Upload&quot; button and close it on clicking &quot;Cancel&quot; button in the modal" time="4.726" classname="should open video modal on clicking &quot;Upload&quot; button and close it on clicking &quot;Cancel&quot; button in the modal">
    </testcase>
    <testcase name="XFlix should have at least 10 links (with class &quot;video-tile-link&quot;) to different videos on page load." time="2.823" classname="should have at least 10 links (with class &quot;video-tile-link&quot;) to different videos on page load.">
    </testcase>
    <testcase name="XFlix should display the video page on clicking the first video tile (with class &quot;video-tile&quot;) which has a parent element with class &quot;video-tile-link&quot;" time="3.844" classname="should display the video page on clicking the first video tile (with class &quot;video-tile&quot;) which has a parent element with class &quot;video-tile-link&quot;">
    </testcase>
  </testsuite>
</testsuites>